Arguments: 
  /Users/teomrd/.nvm/versions/node/v18.12.1/bin/node /Users/teomrd/.yarn/bin/yarn.js install

PATH: 
  /Users/teomrd/.nvm/versions/node/v18.12.1/bin:/Users/teomrd/Library/pnpm:/Users/teomrd/.yarn/bin:/Users/teomrd/.config/yarn/global/node_modules/.bin:/Users/teomrd/.nvm/versions/node/v14.18.2/bin:/opt/homebrew/bin:/opt/homebrew/sbin:/Users/teomrd/bin:/Users/teomrd/.nvm/versions/node/v14.18.2/bin:/opt/homebrew/bin:/opt/homebrew/sbin:/Users/teomrd/bin:/usr/local/bin:/usr/bin:/bin:/usr/sbin:/sbin:/usr/local/MacGPG2/bin:/Applications/Postgres.app/Contents/Versions/latest/bin:/Users/teomrd/Library/pnpm:/Users/teomrd/.yarn/bin:/Users/teomrd/.config/yarn/global/node_modules/.bin:/opt/homebrew/bin:/opt/homebrew/sbin:/Users/teomrd/bin:/Users/teomrd/.nvm/versions/node/v14.18.2/bin:/Users/teomrd/google-cloud-sdk/bin:/Users/teomrd/.fig/bin:/Users/teomrd/.local/bin

Yarn version: 
  1.22.19

Node version: 
  18.12.1

Platform: 
  darwin arm64

Trace: 
  Error: EEXIST: file already exists, mkdir '/Users/teomrd/projects/teomrd/miropad/node_modules/cids/node_modules'

npm manifest: 
  {
    "name": "miropad",
    "version": "2.11.62",
    "main": "src/index.js",
    "repository": "https://github.com/teomrd/MiroPad.git",
    "author": "teomrd <mironidis.gr@gmail.com>",
    "license": "GPL-3.0-only",
    "scripts": {
      "preinstall": "npx only-allow pnpm",
      "start": "serve out",
      "dev": "scripts/dev.sh",
      "build": "scripts/build.sh",
      "test": "jest",
      "lint": "eslint --ext .js src"
    },
    "devDependencies": {
      "eslint": "^8.30.0",
      "eslint-config-prettier": "^8.5.0",
      "eslint-plugin-import": "^2.26.0",
      "eslint-plugin-jest": "^27.1.7",
      "eslint-plugin-prettier": "^4.2.1",
      "jest": "^29.3.1",
      "prettier": "^2.8.1",
      "serve": "^14.1.2",
      "workbox-cli": "^6.5.4"
    },
    "dependencies": {
      "cids": "^1.1.9",
      "esbuild": "^0.16.10",
      "github-markdown-css": "^5.1.0",
      "global": "^4.4.0",
      "ipfs": "^0.65.0",
      "ipfs-core": "^0.17.0",
      "multihashing-async": "^2.1.4",
      "rehype-document": "^6.1.0",
      "rehype-format": "^4.0.1",
      "rehype-stringify": "^9.0.3",
      "remark-gfm": "^3.0.1",
      "remark-parse": "^10.0.1",
      "remark-rehype": "^10.1.0",
      "showdown": "^2.1.0",
      "textarea-caret": "^3.1.0",
      "unified": "^10.1.2",
      "vfile-reporter": "^7.0.4",
      "workbox": "^0.0.0"
    }
  }

yarn manifest: 
  No manifest

Lockfile: 
  No lockfile
